2020-04-22T23:16:42.430Z error: uncaughtException: Cannot read property 'object' of undefined
TypeError: Cannot read property 'object' of undefined
    at Function.login (/Users/lambda/Desktop/Binbros/services/user/src/validations/user.schema.ts:20:20)
    at Object.<anonymous> (/Users/lambda/Desktop/Binbros/services/user/src/resolver/user.ts:167:33)
    at Module._compile (internal/modules/cjs/loader.js:936:30)
    at Module.m._compile (/Users/lambda/Desktop/Binbros/services/user/node_modules/ts-node/src/index.ts:836:23)
    at Module._extensions..js (internal/modules/cjs/loader.js:947:10)
    at Object.require.extensions.<computed> [as .ts] (/Users/lambda/Desktop/Binbros/services/user/node_modules/ts-node/src/index.ts:839:12)
    at Module.load (internal/modules/cjs/loader.js:790:32)
    at Function.Module._load (internal/modules/cjs/loader.js:703:12)
    at Module.require (internal/modules/cjs/loader.js:830:19)
    at require (internal/modules/cjs/helpers.js:68:18)
    at Object.<anonymous> (/Users/lambda/Desktop/Binbros/services/user/src/resolver/index.ts:1:1)
    at Module._compile (internal/modules/cjs/loader.js:936:30)
    at Module.m._compile (/Users/lambda/Desktop/Binbros/services/user/node_modules/ts-node/src/index.ts:836:23)
    at Module._extensions..js (internal/modules/cjs/loader.js:947:10)
    at Object.require.extensions.<computed> [as .ts] (/Users/lambda/Desktop/Binbros/services/user/node_modules/ts-node/src/index.ts:839:12)
    at Module.load (internal/modules/cjs/loader.js:790:32)
2020-04-22T23:18:29.116Z error: uncaughtException: Cannot read property 'object' of undefined
TypeError: Cannot read property 'object' of undefined
    at Function.login (/Users/lambda/Desktop/Binbros/services/user/src/validations/user.schema.ts:20:20)
    at Object.<anonymous> (/Users/lambda/Desktop/Binbros/services/user/src/resolver/user.ts:167:33)
    at Module._compile (internal/modules/cjs/loader.js:936:30)
    at Module.m._compile (/Users/lambda/Desktop/Binbros/services/user/node_modules/ts-node/src/index.ts:836:23)
    at Module._extensions..js (internal/modules/cjs/loader.js:947:10)
    at Object.require.extensions.<computed> [as .ts] (/Users/lambda/Desktop/Binbros/services/user/node_modules/ts-node/src/index.ts:839:12)
    at Module.load (internal/modules/cjs/loader.js:790:32)
    at Function.Module._load (internal/modules/cjs/loader.js:703:12)
    at Module.require (internal/modules/cjs/loader.js:830:19)
    at require (internal/modules/cjs/helpers.js:68:18)
    at Object.<anonymous> (/Users/lambda/Desktop/Binbros/services/user/src/resolver/index.ts:1:1)
    at Module._compile (internal/modules/cjs/loader.js:936:30)
    at Module.m._compile (/Users/lambda/Desktop/Binbros/services/user/node_modules/ts-node/src/index.ts:836:23)
    at Module._extensions..js (internal/modules/cjs/loader.js:947:10)
    at Object.require.extensions.<computed> [as .ts] (/Users/lambda/Desktop/Binbros/services/user/node_modules/ts-node/src/index.ts:839:12)
    at Module.load (internal/modules/cjs/loader.js:790:32)
2020-04-22T23:21:53.219Z error: uncaughtException: Cannot read property 'object' of undefined
TypeError: Cannot read property 'object' of undefined
    at Function.login (/Users/lambda/Desktop/Binbros/services/user/src/validations/user.schema.ts:20:20)
    at Object.<anonymous> (/Users/lambda/Desktop/Binbros/services/user/src/resolver/user.ts:167:33)
    at Module._compile (internal/modules/cjs/loader.js:936:30)
    at Module.m._compile (/Users/lambda/Desktop/Binbros/services/user/node_modules/ts-node/src/index.ts:836:23)
    at Module._extensions..js (internal/modules/cjs/loader.js:947:10)
    at Object.require.extensions.<computed> [as .ts] (/Users/lambda/Desktop/Binbros/services/user/node_modules/ts-node/src/index.ts:839:12)
    at Module.load (internal/modules/cjs/loader.js:790:32)
    at Function.Module._load (internal/modules/cjs/loader.js:703:12)
    at Module.require (internal/modules/cjs/loader.js:830:19)
    at require (internal/modules/cjs/helpers.js:68:18)
    at Object.<anonymous> (/Users/lambda/Desktop/Binbros/services/user/src/resolver/index.ts:1:1)
    at Module._compile (internal/modules/cjs/loader.js:936:30)
    at Module.m._compile (/Users/lambda/Desktop/Binbros/services/user/node_modules/ts-node/src/index.ts:836:23)
    at Module._extensions..js (internal/modules/cjs/loader.js:947:10)
    at Object.require.extensions.<computed> [as .ts] (/Users/lambda/Desktop/Binbros/services/user/node_modules/ts-node/src/index.ts:839:12)
    at Module.load (internal/modules/cjs/loader.js:790:32)
2020-04-22T23:22:17.019Z error: uncaughtException: Cannot read property 'object' of undefined
TypeError: Cannot read property 'object' of undefined
    at Function.login (/Users/lambda/Desktop/Binbros/services/user/src/validations/user.schema.ts:20:20)
    at Object.<anonymous> (/Users/lambda/Desktop/Binbros/services/user/src/resolver/user.ts:167:33)
    at Module._compile (internal/modules/cjs/loader.js:936:30)
    at Module.m._compile (/Users/lambda/Desktop/Binbros/services/user/node_modules/ts-node/src/index.ts:836:23)
    at Module._extensions..js (internal/modules/cjs/loader.js:947:10)
    at Object.require.extensions.<computed> [as .ts] (/Users/lambda/Desktop/Binbros/services/user/node_modules/ts-node/src/index.ts:839:12)
    at Module.load (internal/modules/cjs/loader.js:790:32)
    at Function.Module._load (internal/modules/cjs/loader.js:703:12)
    at Module.require (internal/modules/cjs/loader.js:830:19)
    at require (internal/modules/cjs/helpers.js:68:18)
    at Object.<anonymous> (/Users/lambda/Desktop/Binbros/services/user/src/resolver/index.ts:1:1)
    at Module._compile (internal/modules/cjs/loader.js:936:30)
    at Module.m._compile (/Users/lambda/Desktop/Binbros/services/user/node_modules/ts-node/src/index.ts:836:23)
    at Module._extensions..js (internal/modules/cjs/loader.js:947:10)
    at Object.require.extensions.<computed> [as .ts] (/Users/lambda/Desktop/Binbros/services/user/node_modules/ts-node/src/index.ts:839:12)
    at Module.load (internal/modules/cjs/loader.js:790:32)
