
2020-04-14T21:46:24.597Z warn: Redis client connected
2020-04-14T21:55:15.418Z warn: Server started, listening on port 8000 for incoming requests.
2020-04-14T21:55:15.430Z warn: Redis client connected
2020-04-14T21:56:49.062Z warn: Server started, listening on port 8000 for incoming requests.
2020-04-14T21:56:49.072Z warn: Redis client connected
2020-04-14T22:00:27.786Z warn: Server started, listening on port 8000 for incoming requests.
2020-04-14T22:00:27.794Z warn: Redis client connected
2020-04-14T22:01:59.545Z warn: Server started, listening on port 8000 for incoming requests.
2020-04-14T22:01:59.553Z warn: Redis client connected
2020-04-14T22:03:03.162Z warn: Server started, listening on port 8000 for incoming requests.
2020-04-14T22:03:03.177Z warn: Redis client connected
2020-04-14T22:04:08.932Z warn: Server started, listening on port 8000 for incoming requests.
2020-04-14T22:04:08.975Z warn: Redis client connected
2020-04-14T22:05:08.357Z warn: Server started, listening on port 8000 for incoming requests.
2020-04-14T22:05:08.365Z warn: Redis client connected
2020-04-14T22:05:43.040Z info: ::1 - - [14/Apr/2020:22:05:43 +0000] "GET / HTTP/1.1" 404 139 "-" "Mozilla/5.0 (Macintosh; Intel Mac OS X 10_14_6) AppleWebKit/537.36 (KHTML, like Gecko) Chrome/80.0.3987.163 Safari/537.36"

2020-04-14T22:06:01.629Z info: ::1 - - [14/Apr/2020:22:06:01 +0000] "GET /users HTTP/1.1" 404 144 "-" "Mozilla/5.0 (Macintosh; Intel Mac OS X 10_14_6) AppleWebKit/537.36 (KHTML, like Gecko) Chrome/80.0.3987.163 Safari/537.36"

2020-04-14T22:06:11.343Z info: ::1 - - [14/Apr/2020:22:06:11 +0000] "GET /playground HTTP/1.1" 200 - "-" "Mozilla/5.0 (Macintosh; Intel Mac OS X 10_14_6) AppleWebKit/537.36 (KHTML, like Gecko) Chrome/80.0.3987.163 Safari/537.36"

2020-04-14T22:06:16.451Z info: ::1 - - [14/Apr/2020:22:06:16 +0000] "POST /users HTTP/1.1" 403 - "http://localhost:8000/playground" "Mozilla/5.0 (Macintosh; Intel Mac OS X 10_14_6) AppleWebKit/537.36 (KHTML, like Gecko) Chrome/80.0.3987.163 Safari/537.36"

2020-04-14T22:06:21.490Z info: ::1 - - [14/Apr/2020:22:06:21 +0000] "POST /users HTTP/1.1" 403 - "http://localhost:8000/playground" "Mozilla/5.0 (Macintosh; Intel Mac OS X 10_14_6) AppleWebKit/537.36 (KHTML, like Gecko) Chrome/80.0.3987.163 Safari/537.36"

2020-04-14T22:06:22.508Z info: ::1 - - [14/Apr/2020:22:06:22 +0000] "POST /users HTTP/1.1" 403 - "http://localhost:8000/playground" "Mozilla/5.0 (Macintosh; Intel Mac OS X 10_14_6) AppleWebKit/537.36 (KHTML, like Gecko) Chrome/80.0.3987.163 Safari/537.36"

2020-04-14T22:06:23.540Z info: ::1 - - [14/Apr/2020:22:06:23 +0000] "POST /users HTTP/1.1" 403 - "http://localhost:8000/playground" "Mozilla/5.0 (Macintosh; Intel Mac OS X 10_14_6) AppleWebKit/537.36 (KHTML, like Gecko) Chrome/80.0.3987.163 Safari/537.36"

2020-04-14T22:06:24.569Z info: ::1 - - [14/Apr/2020:22:06:24 +0000] "POST /users HTTP/1.1" 403 - "http://localhost:8000/playground" "Mozilla/5.0 (Macintosh; Intel Mac OS X 10_14_6) AppleWebKit/537.36 (KHTML, like Gecko) Chrome/80.0.3987.163 Safari/537.36"

2020-04-14T22:06:25.586Z info: ::1 - - [14/Apr/2020:22:06:25 +0000] "POST /users HTTP/1.1" 403 - "http://localhost:8000/playground" "Mozilla/5.0 (Macintosh; Intel Mac OS X 10_14_6) AppleWebKit/537.36 (KHTML, like Gecko) Chrome/80.0.3987.163 Safari/537.36"

2020-04-14T22:06:27.601Z info: ::1 - - [14/Apr/2020:22:06:27 +0000] "POST /users HTTP/1.1" 403 - "http://localhost:8000/playground" "Mozilla/5.0 (Macintosh; Intel Mac OS X 10_14_6) AppleWebKit/537.36 (KHTML, like Gecko) Chrome/80.0.3987.163 Safari/537.36"

2020-04-14T22:06:30.201Z info: ::1 - - [14/Apr/2020:22:06:30 +0000] "GET /playground HTTP/1.1" 200 - "-" "Mozilla/5.0 (Macintosh; Intel Mac OS X 10_14_6) AppleWebKit/537.36 (KHTML, like Gecko) Chrome/80.0.3987.163 Safari/537.36"

2020-04-14T22:06:31.250Z info: ::1 - - [14/Apr/2020:22:06:31 +0000] "POST /users HTTP/1.1" 403 - "http://localhost:8000/playground" "Mozilla/5.0 (Macintosh; Intel Mac OS X 10_14_6) AppleWebKit/537.36 (KHTML, like Gecko) Chrome/80.0.3987.163 Safari/537.36"

2020-04-14T22:06:36.271Z info: ::1 - - [14/Apr/2020:22:06:36 +0000] "POST /users HTTP/1.1" 403 - "http://localhost:8000/playground" "Mozilla/5.0 (Macintosh; Intel Mac OS X 10_14_6) AppleWebKit/537.36 (KHTML, like Gecko) Chrome/80.0.3987.163 Safari/537.36"

2020-04-14T22:06:37.291Z info: ::1 - - [14/Apr/2020:22:06:37 +0000] "POST /users HTTP/1.1" 403 - "http://localhost:8000/playground" "Mozilla/5.0 (Macintosh; Intel Mac OS X 10_14_6) AppleWebKit/537.36 (KHTML, like Gecko) Chrome/80.0.3987.163 Safari/537.36"

2020-04-14T22:06:37.447Z info: ::1 - - [14/Apr/2020:22:06:37 +0000] "POST /users HTTP/1.1" 403 - "http://localhost:8000/playground" "Mozilla/5.0 (Macintosh; Intel Mac OS X 10_14_6) AppleWebKit/537.36 (KHTML, like Gecko) Chrome/80.0.3987.163 Safari/537.36"

2020-04-14T22:06:38.076Z info: ::1 - - [14/Apr/2020:22:06:38 +0000] "POST /users HTTP/1.1" 403 - "http://localhost:8000/playground" "Mozilla/5.0 (Macintosh; Intel Mac OS X 10_14_6) AppleWebKit/537.36 (KHTML, like Gecko) Chrome/80.0.3987.163 Safari/537.36"

2020-04-14T22:06:41.969Z info: ::1 - - [14/Apr/2020:22:06:41 +0000] "POST / HTTP/1.1" 403 - "http://localhost:8000/playground" "Mozilla/5.0 (Macintosh; Intel Mac OS X 10_14_6) AppleWebKit/537.36 (KHTML, like Gecko) Chrome/80.0.3987.163 Safari/537.36"

2020-04-14T22:06:42.277Z info: ::1 - - [14/Apr/2020:22:06:42 +0000] "POST / HTTP/1.1" 403 - "http://localhost:8000/playground" "Mozilla/5.0 (Macintosh; Intel Mac OS X 10_14_6) AppleWebKit/537.36 (KHTML, like Gecko) Chrome/80.0.3987.163 Safari/537.36"

2020-04-14T22:06:42.908Z info: ::1 - - [14/Apr/2020:22:06:42 +0000] "POST / HTTP/1.1" 403 - "http://localhost:8000/playground" "Mozilla/5.0 (Macintosh; Intel Mac OS X 10_14_6) AppleWebKit/537.36 (KHTML, like Gecko) Chrome/80.0.3987.163 Safari/537.36"

2020-04-14T22:06:47.303Z info: ::1 - - [14/Apr/2020:22:06:47 +0000] "POST /user HTTP/1.1" 403 - "http://localhost:8000/playground" "Mozilla/5.0 (Macintosh; Intel Mac OS X 10_14_6) AppleWebKit/537.36 (KHTML, like Gecko) Chrome/80.0.3987.163 Safari/537.36"

2020-04-14T22:06:47.927Z info: ::1 - - [14/Apr/2020:22:06:47 +0000] "POST /users HTTP/1.1" 403 - "http://localhost:8000/playground" "Mozilla/5.0 (Macintosh; Intel Mac OS X 10_14_6) AppleWebKit/537.36 (KHTML, like Gecko) Chrome/80.0.3987.163 Safari/537.36"

2020-04-14T22:06:47.934Z info: ::1 - - [14/Apr/2020:22:06:47 +0000] "POST /users HTTP/1.1" 403 - "http://localhost:8000/playground" "Mozilla/5.0 (Macintosh; Intel Mac OS X 10_14_6) AppleWebKit/537.36 (KHTML, like Gecko) Chrome/80.0.3987.163 Safari/537.36"

2020-04-14T22:06:48.552Z info: ::1 - - [14/Apr/2020:22:06:48 +0000] "POST /users HTTP/1.1" 403 - "http://localhost:8000/playground" "Mozilla/5.0 (Macintosh; Intel Mac OS X 10_14_6) AppleWebKit/537.36 (KHTML, like Gecko) Chrome/80.0.3987.163 Safari/537.36"

2020-04-14T22:06:52.941Z info: ::1 - - [14/Apr/2020:22:06:52 +0000] "POST /users HTTP/1.1" 403 - "http://localhost:8000/playground" "Mozilla/5.0 (Macintosh; Intel Mac OS X 10_14_6) AppleWebKit/537.36 (KHTML, like Gecko) Chrome/80.0.3987.163 Safari/537.36"

2020-04-14T22:06:54.456Z info: ::1 - - [14/Apr/2020:22:06:54 +0000] "POST /users HTTP/1.1" 403 - "http://localhost:8000/playground" "Mozilla/5.0 (Macintosh; Intel Mac OS X 10_14_6) AppleWebKit/537.36 (KHTML, like Gecko) Chrome/80.0.3987.163 Safari/537.36"

2020-04-14T22:06:58.580Z info: ::1 - - [14/Apr/2020:22:06:58 +0000] "POST /users HTTP/1.1" 403 - "http://localhost:8000/playground" "Mozilla/5.0 (Macintosh; Intel Mac OS X 10_14_6) AppleWebKit/537.36 (KHTML, like Gecko) Chrome/80.0.3987.163 Safari/537.36"

2020-04-14T22:06:59.566Z info: ::1 - - [14/Apr/2020:22:06:59 +0000] "POST /users HTTP/1.1" 403 - "http://localhost:8000/playground" "Mozilla/5.0 (Macintosh; Intel Mac OS X 10_14_6) AppleWebKit/537.36 (KHTML, like Gecko) Chrome/80.0.3987.163 Safari/537.36"

2020-04-14T22:07:00.596Z info: ::1 - - [14/Apr/2020:22:07:00 +0000] "POST /users HTTP/1.1" 403 - "http://localhost:8000/playground" "Mozilla/5.0 (Macintosh; Intel Mac OS X 10_14_6) AppleWebKit/537.36 (KHTML, like Gecko) Chrome/80.0.3987.163 Safari/537.36"

2020-04-14T22:07:04.574Z info: ::1 - - [14/Apr/2020:22:07:04 +0000] "POST /users HTTP/1.1" 403 - "http://localhost:8000/playground" "Mozilla/5.0 (Macintosh; Intel Mac OS X 10_14_6) AppleWebKit/537.36 (KHTML, like Gecko) Chrome/80.0.3987.163 Safari/537.36"

2020-04-14T22:07:06.510Z info: ::1 - - [14/Apr/2020:22:07:06 +0000] "POST /users HTTP/1.1" 403 - "http://localhost:8000/playground" "Mozilla/5.0 (Macintosh; Intel Mac OS X 10_14_6) AppleWebKit/537.36 (KHTML, like Gecko) Chrome/80.0.3987.163 Safari/537.36"

2020-04-14T22:07:10.531Z info: ::1 - - [14/Apr/2020:22:07:10 +0000] "POST /users HTTP/1.1" 403 - "http://localhost:8000/playground" "Mozilla/5.0 (Macintosh; Intel Mac OS X 10_14_6) AppleWebKit/537.36 (KHTML, like Gecko) Chrome/80.0.3987.163 Safari/537.36"

2020-04-14T22:07:11.554Z info: ::1 - - [14/Apr/2020:22:07:11 +0000] "POST /users HTTP/1.1" 403 - "http://localhost:8000/playground" "Mozilla/5.0 (Macintosh; Intel Mac OS X 10_14_6) AppleWebKit/537.36 (KHTML, like Gecko) Chrome/80.0.3987.163 Safari/537.36"

2020-04-14T22:07:12.584Z info: ::1 - - [14/Apr/2020:22:07:12 +0000] "POST /users HTTP/1.1" 403 - "http://localhost:8000/playground" "Mozilla/5.0 (Macintosh; Intel Mac OS X 10_14_6) AppleWebKit/537.36 (KHTML, like Gecko) Chrome/80.0.3987.163 Safari/537.36"

2020-04-14T22:07:16.587Z info: ::1 - - [14/Apr/2020:22:07:16 +0000] "POST /users HTTP/1.1" 403 - "http://localhost:8000/playground" "Mozilla/5.0 (Macintosh; Intel Mac OS X 10_14_6) AppleWebKit/537.36 (KHTML, like Gecko) Chrome/80.0.3987.163 Safari/537.36"

2020-04-14T22:07:18.586Z info: ::1 - - [14/Apr/2020:22:07:18 +0000] "POST /users HTTP/1.1" 403 - "http://localhost:8000/playground" "Mozilla/5.0 (Macintosh; Intel Mac OS X 10_14_6) AppleWebKit/537.36 (KHTML, like Gecko) Chrome/80.0.3987.163 Safari/537.36"

2020-04-14T22:07:22.497Z info: ::1 - - [14/Apr/2020:22:07:22 +0000] "POST /users HTTP/1.1" 403 - "http://localhost:8000/playground" "Mozilla/5.0 (Macintosh; Intel Mac OS X 10_14_6) AppleWebKit/537.36 (KHTML, like Gecko) Chrome/80.0.3987.163 Safari/537.36"

2020-04-14T22:07:24.479Z info: ::1 - - [14/Apr/2020:22:07:24 +0000] "POST /users HTTP/1.1" 403 - "http://localhost:8000/playground" "Mozilla/5.0 (Macintosh; Intel Mac OS X 10_14_6) AppleWebKit/537.36 (KHTML, like Gecko) Chrome/80.0.3987.163 Safari/537.36"

2020-04-14T22:07:27.873Z info: ::1 - - [14/Apr/2020:22:07:27 +0000] "POST /users HTTP/1.1" 403 - "http://localhost:8000/playground" "Mozilla/5.0 (Macintosh; Intel Mac OS X 10_14_6) AppleWebKit/537.36 (KHTML, like Gecko) Chrome/80.0.3987.163 Safari/537.36"

2020-04-14T22:07:28.503Z info: ::1 - - [14/Apr/2020:22:07:28 +0000] "POST /users HTTP/1.1" 403 - "http://localhost:8000/playground" "Mozilla/5.0 (Macintosh; Intel Mac OS X 10_14_6) AppleWebKit/537.36 (KHTML, like Gecko) Chrome/80.0.3987.163 Safari/537.36"

2020-04-14T22:07:30.556Z info: ::1 - - [14/Apr/2020:22:07:30 +0000] "POST /users HTTP/1.1" 403 - "http://localhost:8000/playground" "Mozilla/5.0 (Macintosh; Intel Mac OS X 10_14_6) AppleWebKit/537.36 (KHTML, like Gecko) Chrome/80.0.3987.163 Safari/537.36"

2020-04-14T22:07:32.532Z info: ::1 - - [14/Apr/2020:22:07:32 +0000] "POST /users HTTP/1.1" 403 - "http://localhost:8000/playground" "Mozilla/5.0 (Macintosh; Intel Mac OS X 10_14_6) AppleWebKit/537.36 (KHTML, like Gecko) Chrome/80.0.3987.163 Safari/537.36"

2020-04-14T22:07:36.422Z info: ::1 - - [14/Apr/2020:22:07:36 +0000] "POST /users HTTP/1.1" 403 - "http://localhost:8000/playground" "Mozilla/5.0 (Macintosh; Intel Mac OS X 10_14_6) AppleWebKit/537.36 (KHTML, like Gecko) Chrome/80.0.3987.163 Safari/537.36"

2020-04-14T22:07:38.577Z info: ::1 - - [14/Apr/2020:22:07:38 +0000] "POST /users HTTP/1.1" 403 - "http://localhost:8000/playground" "Mozilla/5.0 (Macintosh; Intel Mac OS X 10_14_6) AppleWebKit/537.36 (KHTML, like Gecko) Chrome/80.0.3987.163 Safari/537.36"

2020-04-14T22:07:41.516Z info: ::1 - - [14/Apr/2020:22:07:41 +0000] "POST /users HTTP/1.1" 403 - "http://localhost:8000/playground" "Mozilla/5.0 (Macintosh; Intel Mac OS X 10_14_6) AppleWebKit/537.36 (KHTML, like Gecko) Chrome/80.0.3987.163 Safari/537.36"

2020-04-14T22:07:43.589Z info: ::1 - - [14/Apr/2020:22:07:43 +0000] "POST /users HTTP/1.1" 403 - "http://localhost:8000/playground" "Mozilla/5.0 (Macintosh; Intel Mac OS X 10_14_6) AppleWebKit/537.36 (KHTML, like Gecko) Chrome/80.0.3987.163 Safari/537.36"

2020-04-14T22:07:47.536Z info: ::1 - - [14/Apr/2020:22:07:47 +0000] "POST /users HTTP/1.1" 403 - "http://localhost:8000/playground" "Mozilla/5.0 (Macintosh; Intel Mac OS X 10_14_6) AppleWebKit/537.36 (KHTML, like Gecko) Chrome/80.0.3987.163 Safari/537.36"

2020-04-14T22:07:49.417Z info: ::1 - - [14/Apr/2020:22:07:49 +0000] "POST /users HTTP/1.1" 403 - "http://localhost:8000/playground" "Mozilla/5.0 (Macintosh; Intel Mac OS X 10_14_6) AppleWebKit/537.36 (KHTML, like Gecko) Chrome/80.0.3987.163 Safari/537.36"

2020-04-14T22:07:53.575Z info: ::1 - - [14/Apr/2020:22:07:53 +0000] "POST /users HTTP/1.1" 403 - "http://localhost:8000/playground" "Mozilla/5.0 (Macintosh; Intel Mac OS X 10_14_6) AppleWebKit/537.36 (KHTML, like Gecko) Chrome/80.0.3987.163 Safari/537.36"

2020-04-14T22:07:54.462Z info: ::1 - - [14/Apr/2020:22:07:54 +0000] "POST /users HTTP/1.1" 403 - "http://localhost:8000/playground" "Mozilla/5.0 (Macintosh; Intel Mac OS X 10_14_6) AppleWebKit/537.36 (KHTML, like Gecko) Chrome/80.0.3987.163 Safari/537.36"

2020-04-14T22:07:55.549Z info: ::1 - - [14/Apr/2020:22:07:55 +0000] "POST /users HTTP/1.1" 403 - "http://localhost:8000/playground" "Mozilla/5.0 (Macintosh; Intel Mac OS X 10_14_6) AppleWebKit/537.36 (KHTML, like Gecko) Chrome/80.0.3987.163 Safari/537.36"

2020-04-14T22:07:58.746Z info: ::1 - - [14/Apr/2020:22:07:58 +0000] "POST /users HTTP/1.1" 403 - "http://localhost:8000/playground" "Mozilla/5.0 (Macintosh; Intel Mac OS X 10_14_6) AppleWebKit/537.36 (KHTML, like Gecko) Chrome/80.0.3987.163 Safari/537.36"

2020-04-14T22:07:59.381Z info: ::1 - - [14/Apr/2020:22:07:59 +0000] "POST /users HTTP/1.1" 403 - "http://localhost:8000/playground" "Mozilla/5.0 (Macintosh; Intel Mac OS X 10_14_6) AppleWebKit/537.36 (KHTML, like Gecko) Chrome/80.0.3987.163 Safari/537.36"

2020-04-14T22:08:04.217Z warn: Server started, listening on port 8000 for incoming requests.
2020-04-14T22:08:04.225Z warn: Redis client connected
2020-04-14T22:08:05.471Z info: ::1 - - [14/Apr/2020:22:08:05 +0000] "POST /users HTTP/1.1" 403 - "http://localhost:8000/playground" "Mozilla/5.0 (Macintosh; Intel Mac OS X 10_14_6) AppleWebKit/537.36 (KHTML, like Gecko) Chrome/80.0.3987.163 Safari/537.36"

2020-04-14T22:08:06.412Z info: ::1 - - [14/Apr/2020:22:08:06 +0000] "POST /users HTTP/1.1" 403 - "http://localhost:8000/playground" "Mozilla/5.0 (Macintosh; Intel Mac OS X 10_14_6) AppleWebKit/537.36 (KHTML, like Gecko) Chrome/80.0.3987.163 Safari/537.36"

2020-04-14T22:08:07.538Z info: ::1 - - [14/Apr/2020:22:08:07 +0000] "POST /users HTTP/1.1" 403 - "http://localhost:8000/playground" "Mozilla/5.0 (Macintosh; Intel Mac OS X 10_14_6) AppleWebKit/537.36 (KHTML, like Gecko) Chrome/80.0.3987.163 Safari/537.36"

2020-04-14T22:08:11.394Z info: ::1 - - [14/Apr/2020:22:08:11 +0000] "POST /users HTTP/1.1" 403 - "http://localhost:8000/playground" "Mozilla/5.0 (Macintosh; Intel Mac OS X 10_14_6) AppleWebKit/537.36 (KHTML, like Gecko) Chrome/80.0.3987.163 Safari/537.36"

2020-04-14T22:08:13.394Z info: ::1 - - [14/Apr/2020:22:08:13 +0000] "POST /users HTTP/1.1" 403 - "http://localhost:8000/playground" "Mozilla/5.0 (Macintosh; Intel Mac OS X 10_14_6) AppleWebKit/537.36 (KHTML, like Gecko) Chrome/80.0.3987.163 Safari/537.36"

2020-04-14T22:09:19.059Z warn: Server started, listening on port 8000 for incoming requests.
2020-04-14T22:09:19.066Z warn: Redis client connected
2020-04-14T22:09:19.560Z info: ::1 - - [14/Apr/2020:22:09:19 +0000] "POST /users HTTP/1.1" 403 - "http://localhost:8000/playground" "Mozilla/5.0 (Macintosh; Intel Mac OS X 10_14_6) AppleWebKit/537.36 (KHTML, like Gecko) Chrome/80.0.3987.163 Safari/537.36"

2020-04-14T22:09:23.486Z info: ::1 - - [14/Apr/2020:22:09:23 +0000] "POST /users HTTP/1.1" 403 - "http://localhost:8000/playground" "Mozilla/5.0 (Macintosh; Intel Mac OS X 10_14_6) AppleWebKit/537.36 (KHTML, like Gecko) Chrome/80.0.3987.163 Safari/537.36"

2020-04-14T22:09:25.489Z info: ::1 - - [14/Apr/2020:22:09:25 +0000] "POST /users HTTP/1.1" 403 - "http://localhost:8000/playground" "Mozilla/5.0 (Macintosh; Intel Mac OS X 10_14_6) AppleWebKit/537.36 (KHTML, like Gecko) Chrome/80.0.3987.163 Safari/537.36"

2020-04-14T22:09:29.510Z info: ::1 - - [14/Apr/2020:22:09:29 +0000] "POST /users HTTP/1.1" 403 - "http://localhost:8000/playground" "Mozilla/5.0 (Macintosh; Intel Mac OS X 10_14_6) AppleWebKit/537.36 (KHTML, like Gecko) Chrome/80.0.3987.163 Safari/537.36"

2020-04-14T22:09:31.582Z info: ::1 - - [14/Apr/2020:22:09:31 +0000] "POST /users HTTP/1.1" 403 - "http://localhost:8000/playground" "Mozilla/5.0 (Macintosh; Intel Mac OS X 10_14_6) AppleWebKit/537.36 (KHTML, like Gecko) Chrome/80.0.3987.163 Safari/537.36"

2020-04-14T22:09:35.511Z info: ::1 - - [14/Apr/2020:22:09:35 +0000] "POST /users HTTP/1.1" 403 - "http://localhost:8000/playground" "Mozilla/5.0 (Macintosh; Intel Mac OS X 10_14_6) AppleWebKit/537.36 (KHTML, like Gecko) Chrome/80.0.3987.163 Safari/537.36"

2020-04-14T22:09:37.490Z info: ::1 - - [14/Apr/2020:22:09:37 +0000] "POST /users HTTP/1.1" 403 - "http://localhost:8000/playground" "Mozilla/5.0 (Macintosh; Intel Mac OS X 10_14_6) AppleWebKit/537.36 (KHTML, like Gecko) Chrome/80.0.3987.163 Safari/537.36"

2020-04-14T22:09:41.396Z info: ::1 - - [14/Apr/2020:22:09:41 +0000] "POST /users HTTP/1.1" 403 - "http://localhost:8000/playground" "Mozilla/5.0 (Macintosh; Intel Mac OS X 10_14_6) AppleWebKit/537.36 (KHTML, like Gecko) Chrome/80.0.3987.163 Safari/537.36"

2020-04-14T22:09:42.517Z info: ::1 - - [14/Apr/2020:22:09:42 +0000] "POST /users HTTP/1.1" 403 - "http://localhost:8000/playground" "Mozilla/5.0 (Macintosh; Intel Mac OS X 10_14_6) AppleWebKit/537.36 (KHTML, like Gecko) Chrome/80.0.3987.163 Safari/537.36"

2020-04-14T22:09:43.455Z info: ::1 - - [14/Apr/2020:22:09:43 +0000] "POST /users HTTP/1.1" 403 - "http://localhost:8000/playground" "Mozilla/5.0 (Macintosh; Intel Mac OS X 10_14_6) AppleWebKit/537.36 (KHTML, like Gecko) Chrome/80.0.3987.163 Safari/537.36"

2020-04-14T22:09:46.836Z info: ::1 - - [14/Apr/2020:22:09:46 +0000] "POST /users HTTP/1.1" 403 - "http://localhost:8000/playground" "Mozilla/5.0 (Macintosh; Intel Mac OS X 10_14_6) AppleWebKit/537.36 (KHTML, like Gecko) Chrome/80.0.3987.163 Safari/537.36"

2020-04-14T22:09:47.475Z info: ::1 - - [14/Apr/2020:22:09:47 +0000] "POST /users HTTP/1.1" 403 - "http://localhost:8000/playground" "Mozilla/5.0 (Macintosh; Intel Mac OS X 10_14_6) AppleWebKit/537.36 (KHTML, like Gecko) Chrome/80.0.3987.163 Safari/537.36"

2020-04-14T22:09:52.455Z info: ::1 - - [14/Apr/2020:22:09:52 +0000] "POST /users HTTP/1.1" 403 - "http://localhost:8000/playground" "Mozilla/5.0 (Macintosh; Intel Mac OS X 10_14_6) AppleWebKit/537.36 (KHTML, like Gecko) Chrome/80.0.3987.163 Safari/537.36"

2020-04-14T22:09:53.460Z info: ::1 - - [14/Apr/2020:22:09:53 +0000] "POST /users HTTP/1.1" 403 - "http://localhost:8000/playground" "Mozilla/5.0 (Macintosh; Intel Mac OS X 10_14_6) AppleWebKit/537.36 (KHTML, like Gecko) Chrome/80.0.3987.163 Safari/537.36"

2020-04-14T22:09:54.582Z info: ::1 - - [14/Apr/2020:22:09:54 +0000] "POST /users HTTP/1.1" 403 - "http://localhost:8000/playground" "Mozilla/5.0 (Macintosh; Intel Mac OS X 10_14_6) AppleWebKit/537.36 (KHTML, like Gecko) Chrome/80.0.3987.163 Safari/537.36"

2020-04-14T22:09:58.403Z info: ::1 - - [14/Apr/2020:22:09:58 +0000] "POST /users HTTP/1.1" 403 - "http://localhost:8000/playground" "Mozilla/5.0 (Macintosh; Intel Mac OS X 10_14_6) AppleWebKit/537.36 (KHTML, like Gecko) Chrome/80.0.3987.163 Safari/537.36"

2020-04-14T22:10:00.397Z info: ::1 - - [14/Apr/2020:22:10:00 +0000] "POST /users HTTP/1.1" 403 - "http://localhost:8000/playground" "Mozilla/5.0 (Macintosh; Intel Mac OS X 10_14_6) AppleWebKit/537.36 (KHTML, like Gecko) Chrome/80.0.3987.163 Safari/537.36"

2020-04-14T22:10:03.594Z info: ::1 - - [14/Apr/2020:22:10:03 +0000] "POST /users HTTP/1.1" 403 - "http://localhost:8000/playground" "Mozilla/5.0 (Macintosh; Intel Mac OS X 10_14_6) AppleWebKit/537.36 (KHTML, like Gecko) Chrome/80.0.3987.163 Safari/537.36"

2020-04-14T22:11:17.225Z warn: Server started, listening on port 8000 for incoming requests.
2020-04-14T22:11:17.233Z warn: Redis client connected
2020-04-14T22:11:21.467Z info: ::1 - - [14/Apr/2020:22:11:21 +0000] "POST /users HTTP/1.1" 403 - "http://localhost:8000/playground" "Mozilla/5.0 (Macintosh; Intel Mac OS X 10_14_6) AppleWebKit/537.36 (KHTML, like Gecko) Chrome/80.0.3987.163 Safari/537.36"

2020-04-14T22:11:22.495Z info: ::1 - - [14/Apr/2020:22:11:22 +0000] "POST /users HTTP/1.1" 403 - "http://localhost:8000/playground" "Mozilla/5.0 (Macintosh; Intel Mac OS X 10_14_6) AppleWebKit/537.36 (KHTML, like Gecko) Chrome/80.0.3987.163 Safari/537.36"

2020-04-14T22:11:23.447Z info: ::1 - - [14/Apr/2020:22:11:23 +0000] "POST /users HTTP/1.1" 403 - "http://localhost:8000/playground" "Mozilla/5.0 (Macintosh; Intel Mac OS X 10_14_6) AppleWebKit/537.36 (KHTML, like Gecko) Chrome/80.0.3987.163 Safari/537.36"

2020-04-14T22:11:27.492Z info: ::1 - - [14/Apr/2020:22:11:27 +0000] "POST /users HTTP/1.1" 403 - "http://localhost:8000/playground" "Mozilla/5.0 (Macintosh; Intel Mac OS X 10_14_6) AppleWebKit/537.36 (KHTML, like Gecko) Chrome/80.0.3987.163 Safari/537.36"

2020-04-14T22:11:28.600Z info: ::1 - - [14/Apr/2020:22:11:28 +0000] "POST /users HTTP/1.1" 403 - "http://localhost:8000/playground" "Mozilla/5.0 (Macintosh; Intel Mac OS X 10_14_6) AppleWebKit/537.36 (KHTML, like Gecko) Chrome/80.0.3987.163 Safari/537.36"

2020-04-14T22:11:29.541Z info: ::1 - - [14/Apr/2020:22:11:29 +0000] "POST /users HTTP/1.1" 403 - "http://localhost:8000/playground" "Mozilla/5.0 (Macintosh; Intel Mac OS X 10_14_6) AppleWebKit/537.36 (KHTML, like Gecko) Chrome/80.0.3987.163 Safari/537.36"

2020-04-14T22:11:33.593Z info: ::1 - - [14/Apr/2020:22:11:33 +0000] "POST /users HTTP/1.1" 403 - "http://localhost:8000/playground" "Mozilla/5.0 (Macintosh; Intel Mac OS X 10_14_6) AppleWebKit/537.36 (KHTML, like Gecko) Chrome/80.0.3987.163 Safari/537.36"

2020-04-14T22:11:35.592Z info: ::1 - - [14/Apr/2020:22:11:35 +0000] "POST /users HTTP/1.1" 403 - "http://localhost:8000/playground" "Mozilla/5.0 (Macintosh; Intel Mac OS X 10_14_6) AppleWebKit/537.36 (KHTML, like Gecko) Chrome/80.0.3987.163 Safari/537.36"

2020-04-14T22:11:44.458Z warn: Server started, listening on port 8000 for incoming requests.
2020-04-14T22:11:44.467Z warn: Redis client connected
2020-04-14T22:11:45.599Z info: ::1 - - [14/Apr/2020:22:11:45 +0000] "POST /users HTTP/1.1" 403 - "http://localhost:8000/playground" "Mozilla/5.0 (Macintosh; Intel Mac OS X 10_14_6) AppleWebKit/537.36 (KHTML, like Gecko) Chrome/80.0.3987.163 Safari/537.36"

2020-04-14T22:11:46.516Z info: ::1 - - [14/Apr/2020:22:11:46 +0000] "POST /users HTTP/1.1" 403 - "http://localhost:8000/playground" "Mozilla/5.0 (Macintosh; Intel Mac OS X 10_14_6) AppleWebKit/537.36 (KHTML, like Gecko) Chrome/80.0.3987.163 Safari/537.36"

2020-04-14T22:11:47.515Z info: ::1 - - [14/Apr/2020:22:11:47 +0000] "POST /users HTTP/1.1" 403 - "http://localhost:8000/playground" "Mozilla/5.0 (Macintosh; Intel Mac OS X 10_14_6) AppleWebKit/537.36 (KHTML, like Gecko) Chrome/80.0.3987.163 Safari/537.36"

2020-04-14T22:11:51.402Z info: ::1 - - [14/Apr/2020:22:11:51 +0000] "POST /users HTTP/1.1" 403 - "http://localhost:8000/playground" "Mozilla/5.0 (Macintosh; Intel Mac OS X 10_14_6) AppleWebKit/537.36 (KHTML, like Gecko) Chrome/80.0.3987.163 Safari/537.36"

2020-04-14T22:11:53.397Z info: ::1 - - [14/Apr/2020:22:11:53 +0000] "POST /users HTTP/1.1" 403 - "http://localhost:8000/playground" "Mozilla/5.0 (Macintosh; Intel Mac OS X 10_14_6) AppleWebKit/537.36 (KHTML, like Gecko) Chrome/80.0.3987.163 Safari/537.36"

2020-04-14T22:11:57.604Z info: ::1 - - [14/Apr/2020:22:11:57 +0000] "POST /users HTTP/1.1" 403 - "http://localhost:8000/playground" "Mozilla/5.0 (Macintosh; Intel Mac OS X 10_14_6) AppleWebKit/537.36 (KHTML, like Gecko) Chrome/80.0.3987.163 Safari/537.36"

2020-04-14T22:11:58.544Z info: ::1 - - [14/Apr/2020:22:11:58 +0000] "POST /users HTTP/1.1" 403 - "http://localhost:8000/playground" "Mozilla/5.0 (Macintosh; Intel Mac OS X 10_14_6) AppleWebKit/537.36 (KHTML, like Gecko) Chrome/80.0.3987.163 Safari/537.36"

2020-04-14T22:11:59.401Z info: ::1 - - [14/Apr/2020:22:11:59 +0000] "POST /users HTTP/1.1" 403 - "http://localhost:8000/playground" "Mozilla/5.0 (Macintosh; Intel Mac OS X 10_14_6) AppleWebKit/537.36 (KHTML, like Gecko) Chrome/80.0.3987.163 Safari/537.36"

2020-04-14T22:12:03.400Z info: ::1 - - [14/Apr/2020:22:12:03 +0000] "POST /users HTTP/1.1" 403 - "http://localhost:8000/playground" "Mozilla/5.0 (Macintosh; Intel Mac OS X 10_14_6) AppleWebKit/537.36 (KHTML, like Gecko) Chrome/80.0.3987.163 Safari/537.36"

2020-04-14T22:12:05.491Z info: ::1 - - [14/Apr/2020:22:12:05 +0000] "POST /users HTTP/1.1" 403 - "http://localhost:8000/playground" "Mozilla/5.0 (Macintosh; Intel Mac OS X 10_14_6) AppleWebKit/537.36 (KHTML, like Gecko) Chrome/80.0.3987.163 Safari/537.36"

2020-04-14T22:12:09.539Z info: ::1 - - [14/Apr/2020:22:12:09 +0000] "POST /users HTTP/1.1" 403 - "http://localhost:8000/playground" "Mozilla/5.0 (Macintosh; Intel Mac OS X 10_14_6) AppleWebKit/537.36 (KHTML, like Gecko) Chrome/80.0.3987.163 Safari/537.36"

2020-04-14T22:12:11.539Z info: ::1 - - [14/Apr/2020:22:12:11 +0000] "POST /users HTTP/1.1" 403 - "http://localhost:8000/playground" "Mozilla/5.0 (Macintosh; Intel Mac OS X 10_14_6) AppleWebKit/537.36 (KHTML, like Gecko) Chrome/80.0.3987.163 Safari/537.36"

2020-04-14T22:12:15.527Z info: ::1 - - [14/Apr/2020:22:12:15 +0000] "POST /users HTTP/1.1" 403 - "http://localhost:8000/playground" "Mozilla/5.0 (Macintosh; Intel Mac OS X 10_14_6) AppleWebKit/537.36 (KHTML, like Gecko) Chrome/80.0.3987.163 Safari/537.36"

2020-04-14T22:12:16.592Z info: ::1 - - [14/Apr/2020:22:12:16 +0000] "POST /users HTTP/1.1" 403 - "http://localhost:8000/playground" "Mozilla/5.0 (Macintosh; Intel Mac OS X 10_14_6) AppleWebKit/537.36 (KHTML, like Gecko) Chrome/80.0.3987.163 Safari/537.36"

2020-04-14T22:12:17.556Z info: ::1 - - [14/Apr/2020:22:12:17 +0000] "POST /users HTTP/1.1" 403 - "http://localhost:8000/playground" "Mozilla/5.0 (Macintosh; Intel Mac OS X 10_14_6) AppleWebKit/537.36 (KHTML, like Gecko) Chrome/80.0.3987.163 Safari/537.36"

2020-04-14T22:12:21.555Z info: ::1 - - [14/Apr/2020:22:12:21 +0000] "POST /users HTTP/1.1" 403 - "http://localhost:8000/playground" "Mozilla/5.0 (Macintosh; Intel Mac OS X 10_14_6) AppleWebKit/537.36 (KHTML, like Gecko) Chrome/80.0.3987.163 Safari/537.36"

2020-04-14T22:12:23.528Z info: ::1 - - [14/Apr/2020:22:12:23 +0000] "POST /users HTTP/1.1" 403 - "http://localhost:8000/playground" "Mozilla/5.0 (Macintosh; Intel Mac OS X 10_14_6) AppleWebKit/537.36 (KHTML, like Gecko) Chrome/80.0.3987.163 Safari/537.36"

2020-04-14T22:12:27.426Z info: ::1 - - [14/Apr/2020:22:12:27 +0000] "POST /users HTTP/1.1" 403 - "http://localhost:8000/playground" "Mozilla/5.0 (Macintosh; Intel Mac OS X 10_14_6) AppleWebKit/537.36 (KHTML, like Gecko) Chrome/80.0.3987.163 Safari/537.36"

2020-04-14T22:12:29.562Z info: ::1 - - [14/Apr/2020:22:12:29 +0000] "POST /users HTTP/1.1" 403 - "http://localhost:8000/playground" "Mozilla/5.0 (Macintosh; Intel Mac OS X 10_14_6) AppleWebKit/537.36 (KHTML, like Gecko) Chrome/80.0.3987.163 Safari/537.36"

2020-04-14T22:12:33.583Z info: ::1 - - [14/Apr/2020:22:12:33 +0000] "POST /users HTTP/1.1" 403 - "http://localhost:8000/playground" "Mozilla/5.0 (Macintosh; Intel Mac OS X 10_14_6) AppleWebKit/537.36 (KHTML, like Gecko) Chrome/80.0.3987.163 Safari/537.36"

2020-04-14T22:12:35.547Z info: ::1 - - [14/Apr/2020:22:12:35 +0000] "POST /users HTTP/1.1" 403 - "http://localhost:8000/playground" "Mozilla/5.0 (Macintosh; Intel Mac OS X 10_14_6) AppleWebKit/537.36 (KHTML, like Gecko) Chrome/80.0.3987.163 Safari/537.36"

2020-04-14T22:12:41.325Z warn: Server started, listening on port 8000 for incoming requests.
2020-04-14T22:12:41.333Z warn: Redis client connected
2020-04-14T22:12:41.447Z info: ::1 - - [14/Apr/2020:22:12:41 +0000] "POST /users HTTP/1.1" 200 - "http://localhost:8000/playground" "Mozilla/5.0 (Macintosh; Intel Mac OS X 10_14_6) AppleWebKit/537.36 (KHTML, like Gecko) Chrome/80.0.3987.163 Safari/537.36"

2020-04-14T22:12:41.498Z info: ::1 - - [14/Apr/2020:22:12:41 +0000] "POST /users HTTP/1.1" 200 - "http://localhost:8000/playground" "Mozilla/5.0 (Macintosh; Intel Mac OS X 10_14_6) AppleWebKit/537.36 (KHTML, like Gecko) Chrome/80.0.3987.163 Safari/537.36"

2020-04-14T22:12:43.501Z info: ::1 - - [14/Apr/2020:22:12:43 +0000] "POST /users HTTP/1.1" 200 - "http://localhost:8000/playground" "Mozilla/5.0 (Macintosh; Intel Mac OS X 10_14_6) AppleWebKit/537.36 (KHTML, like Gecko) Chrome/80.0.3987.163 Safari/537.36"

2020-04-14T22:12:45.608Z info: ::1 - - [14/Apr/2020:22:12:45 +0000] "POST /users HTTP/1.1" 200 - "http://localhost:8000/playground" "Mozilla/5.0 (Macintosh; Intel Mac OS X 10_14_6) AppleWebKit/537.36 (KHTML, like Gecko) Chrome/80.0.3987.163 Safari/537.36"

2020-04-14T22:12:50.253Z info: ::1 - - [14/Apr/2020:22:12:50 +0000] "POST /users HTTP/1.1" 200 - "http://localhost:8000/playground" "Mozilla/5.0 (Macintosh; Intel Mac OS X 10_14_6) AppleWebKit/537.36 (KHTML, like Gecko) Chrome/80.0.3987.163 Safari/537.36"

2020-04-14T22:13:00.983Z warn: Server started, listening on port 8000 for incoming requests.
2020-04-14T22:13:00.991Z warn: Redis client connected
2020-04-14T22:13:05.649Z info: ::1 - - [14/Apr/2020:22:13:05 +0000] "POST /users HTTP/1.1" 200 - "http://localhost:8000/playground" "Mozilla/5.0 (Macintosh; Intel Mac OS X 10_14_6) AppleWebKit/537.36 (KHTML, like Gecko) Chrome/80.0.3987.163 Safari/537.36"

2020-04-14T22:13:14.002Z warn: Server started, listening on port 8000 for incoming requests.
2020-04-14T22:13:14.010Z warn: Redis client connected
2020-04-14T22:13:20.958Z warn: Server started, listening on port 8000 for incoming requests.
2020-04-14T22:13:20.967Z warn: Redis client connected
2020-04-14T22:13:57.571Z warn: Server started, listening on port 8000 for incoming requests.
2020-04-14T22:13:57.579Z warn: Redis client connected
2020-04-14T22:15:26.728Z warn: Server started, listening on port 8000 for incoming requests.
2020-04-14T22:15:26.742Z warn: Redis client connected
2020-04-14T22:15:47.005Z warn: Server started, listening on port 8000 for incoming requests.
2020-04-14T22:15:47.013Z warn: Redis client connected
2020-04-14T22:20:52.907Z warn: Server started, listening on port 8000 for incoming requests.
2020-04-14T22:20:52.919Z warn: Redis client connected
2020-04-14T22:21:57.266Z warn: Server started, listening on port 8000 for incoming requests.
2020-04-14T22:21:57.273Z warn: Redis client connected
2020-04-14T22:23:40.728Z warn: Server started, listening on port 8000 for incoming requests.
2020-04-14T22:23:40.738Z warn: Redis client connected
2020-04-14T22:24:40.547Z warn: Server started, listening on port 8000 for incoming requests.
2020-04-14T22:24:40.554Z warn: Redis client connected
2020-04-15T02:58:42.794Z warn: Server started, listening on port 8000 for incoming requests.
2020-04-15T02:58:42.803Z warn: Redis client connected
