2020-06-15T19:29:07.326Z warn: Server started, listening on port 8000 for incoming requests.
2020-06-15T19:29:07.331Z warn: Redis connected
2020-06-15T19:50:34.695Z warn: Server started, listening on port 8000 for incoming requests.
2020-06-15T19:50:34.705Z warn: Redis not connected
2020-06-15T19:50:34.763Z warn: Redis not connected
2020-06-15T19:50:34.866Z warn: Redis not connected
2020-06-15T19:50:35.018Z warn: Redis not connected
2020-06-15T19:50:35.222Z warn: Redis not connected
2020-06-15T19:50:35.477Z warn: Redis not connected
2020-06-15T19:50:35.779Z warn: Redis not connected
2020-06-15T19:50:36.137Z warn: Redis not connected
2020-06-15T19:50:36.540Z warn: Redis not connected
2020-06-15T19:50:36.992Z warn: Redis not connected
2020-06-15T19:50:46.094Z warn: Server started, listening on port 8000 for incoming requests.
2020-06-15T19:50:46.103Z warn: Redis not connected
2020-06-15T19:50:46.159Z warn: Redis not connected
2020-06-15T19:50:46.261Z warn: Redis not connected
2020-06-15T19:50:46.418Z warn: Redis not connected
2020-06-15T19:50:46.620Z warn: Redis not connected
2020-06-15T19:50:46.875Z warn: Redis not connected
2020-06-15T19:50:47.181Z warn: Redis not connected
2020-06-15T19:50:47.534Z warn: Redis not connected
2020-06-15T19:50:47.936Z warn: Redis not connected
2020-06-15T19:50:48.388Z warn: Redis not connected
2020-06-15T19:50:48.891Z warn: Redis not connected
2020-06-15T19:50:49.443Z warn: Redis not connected
2020-06-15T19:50:50.044Z warn: Redis not connected
2020-06-15T19:50:50.696Z warn: Redis not connected
2020-06-15T19:50:51.400Z warn: Redis not connected
2020-06-15T19:50:52.155Z warn: Redis not connected
2020-06-15T19:50:52.960Z warn: Redis not connected
2020-06-15T19:50:53.813Z warn: Redis not connected
2020-06-15T19:50:54.718Z warn: Redis not connected
2020-06-15T19:50:55.671Z warn: Redis not connected
2020-06-15T19:50:56.675Z warn: Redis not connected
2020-06-15T19:50:57.729Z warn: Redis not connected
2020-06-15T19:50:58.830Z warn: Redis not connected
2020-06-15T19:51:01.394Z warn: Server started, listening on port 8000 for incoming requests.
2020-06-15T19:51:01.402Z warn: Redis not connected
2020-06-15T19:51:01.460Z warn: Redis not connected
2020-06-15T19:51:01.565Z warn: Redis not connected
2020-06-15T19:51:01.722Z warn: Redis not connected
2020-06-15T19:51:01.928Z warn: Redis not connected
2020-06-15T19:51:02.181Z warn: Redis not connected
2020-06-15T19:51:02.484Z warn: Redis not connected
2020-06-15T19:51:02.836Z warn: Redis not connected
2020-06-15T19:51:03.239Z warn: Redis not connected
2020-06-15T19:51:03.694Z warn: Redis not connected
2020-06-15T19:51:04.201Z warn: Redis not connected
2020-06-15T19:51:13.628Z warn: Server started, listening on port 8000 for incoming requests.
2020-06-15T19:51:13.635Z warn: Redis not connected
2020-06-15T19:51:13.692Z warn: Redis not connected
2020-06-15T19:51:13.795Z warn: Redis not connected
2020-06-15T19:51:13.948Z warn: Redis not connected
2020-06-15T19:51:14.151Z warn: Redis not connected
2020-06-15T19:51:14.404Z warn: Redis not connected
2020-06-15T19:51:14.706Z warn: Redis not connected
2020-06-15T19:51:15.063Z warn: Redis not connected
2020-06-15T19:51:15.465Z warn: Redis not connected
2020-06-15T19:51:43.793Z warn: Server started, listening on port 8000 for incoming requests.
2020-06-15T19:51:43.797Z warn: Redis connected
2020-06-15T19:51:43.802Z warn: Redis not connected
2020-06-15T19:51:43.858Z warn: Redis not connected
2020-06-15T19:51:43.960Z warn: Redis not connected
2020-06-15T19:51:44.113Z warn: Redis not connected
2020-06-15T19:51:44.314Z warn: Redis not connected
2020-06-15T19:51:44.567Z warn: Redis not connected
2020-06-15T19:51:44.869Z warn: Redis not connected
2020-06-15T19:51:45.222Z warn: Redis not connected
2020-06-15T19:51:45.627Z warn: Redis not connected
2020-06-15T19:51:46.080Z warn: Redis not connected
2020-06-15T19:51:46.582Z warn: Redis not connected
2020-06-15T19:51:47.134Z warn: Redis not connected
2020-06-15T19:51:47.738Z warn: Redis not connected
2020-06-15T19:51:48.395Z warn: Redis not connected
2020-06-15T19:51:49.097Z warn: Redis not connected
2020-06-15T19:51:49.850Z warn: Redis not connected
2020-06-15T19:51:50.653Z warn: Redis not connected
2020-06-15T19:51:51.509Z warn: Redis not connected
2020-06-15T19:51:52.412Z warn: Redis not connected
2020-06-15T19:51:53.364Z warn: Redis not connected
2020-06-15T19:51:54.370Z warn: Redis not connected
2020-06-15T19:51:55.422Z warn: Redis not connected
2020-06-15T23:36:19.130Z warn: Server started, listening on port 8000 for incoming requests.
2020-06-15T23:36:19.142Z warn: Redis not connected
2020-06-15T23:36:19.199Z warn: Redis not connected
2020-06-15T23:36:19.304Z warn: Redis not connected
2020-06-15T23:36:19.457Z warn: Redis not connected
2020-06-15T23:36:19.660Z warn: Redis not connected
2020-06-15T23:36:19.919Z warn: Redis not connected
2020-06-15T23:36:20.223Z warn: Redis not connected
2020-06-15T23:36:20.580Z warn: Redis not connected
2020-06-15T23:36:20.983Z warn: Redis not connected
2020-06-15T23:36:21.434Z warn: Redis not connected
2020-06-15T23:36:21.936Z warn: Redis not connected
2020-06-15T23:36:22.490Z warn: Redis not connected
2020-06-15T23:36:23.096Z warn: Redis not connected
2020-06-15T23:36:23.754Z warn: Redis not connected
2020-06-15T23:36:24.460Z warn: Redis not connected
2020-06-15T23:36:25.212Z warn: Redis not connected
2020-06-15T23:36:26.015Z warn: Redis not connected
2020-06-15T23:37:06.336Z warn: Server started, listening on port 8000 for incoming requests.
2020-06-15T23:37:06.343Z warn: Redis not connected
2020-06-15T23:37:06.400Z warn: Redis not connected
2020-06-15T23:37:06.504Z warn: Redis not connected
2020-06-15T23:37:06.655Z warn: Redis not connected
2020-06-15T23:37:06.856Z warn: Redis not connected
2020-06-15T23:37:07.109Z warn: Redis not connected
2020-06-15T23:37:07.413Z warn: Redis not connected
2020-06-15T23:37:07.767Z warn: Redis not connected
2020-06-15T23:37:08.169Z warn: Redis not connected
2020-06-15T23:37:08.620Z warn: Redis not connected
2020-06-15T23:39:28.775Z warn: Server started, listening on port 8000 for incoming requests.
2020-06-15T23:39:28.782Z warn: Redis not connected
2020-06-15T23:39:28.837Z warn: Redis not connected
2020-06-15T23:39:28.940Z warn: Redis not connected
2020-06-15T23:39:29.095Z warn: Redis not connected
2020-06-15T23:39:29.299Z warn: Redis not connected
2020-06-15T23:39:29.551Z warn: Redis not connected
2020-06-15T23:39:29.854Z warn: Redis not connected
2020-06-15T23:39:30.205Z warn: Redis not connected
2020-06-15T23:39:30.612Z warn: Redis not connected
2020-06-15T23:39:31.065Z warn: Redis not connected
2020-06-15T23:39:31.568Z warn: Redis not connected
2020-06-15T23:39:32.123Z warn: Redis not connected
2020-06-15T23:39:32.726Z warn: Redis not connected
2020-06-15T23:39:33.378Z warn: Redis not connected
2020-06-15T23:39:34.080Z warn: Redis not connected
2020-06-15T23:39:34.833Z warn: Redis not connected
2020-06-15T23:39:35.634Z warn: Redis not connected
2020-06-15T23:39:36.486Z warn: Redis not connected
2020-06-15T23:39:37.388Z warn: Redis not connected
2020-06-15T23:39:38.343Z warn: Redis not connected
2020-06-15T23:39:39.346Z warn: Redis not connected
2020-06-15T23:39:40.397Z warn: Redis not connected
2020-06-15T23:39:41.498Z warn: Redis not connected
2020-06-15T23:39:42.655Z warn: Redis not connected
2020-06-15T23:41:00.383Z warn: Server started, listening on port 8000 for incoming requests.
2020-06-15T23:41:37.670Z warn: Server started, listening on port 8000 for incoming requests.
2020-06-15T23:42:40.516Z warn: Server started, listening on port 8000 for incoming requests.
2020-06-15T23:44:46.384Z warn: Server started, listening on port 8000 for incoming requests.
2020-06-15T23:51:55.622Z warn: Server started, listening on port 8000 for incoming requests.
2020-06-15T23:51:55.632Z warn: Redis connected
2020-06-15T23:51:55.636Z warn: Redis is ready
2020-06-16T08:31:04.140Z warn: Server started, listening on port 8000 for incoming requests.
2020-06-16T08:31:04.154Z warn: Redis not connected
2020-06-16T08:31:04.212Z warn: Redis not connected
2020-06-16T08:31:04.313Z warn: Redis not connected
2020-06-16T08:31:04.465Z warn: Redis not connected
2020-06-16T08:31:04.667Z warn: Redis not connected
2020-06-16T08:31:04.920Z warn: Redis not connected
2020-06-16T08:31:05.225Z warn: Redis not connected
2020-06-16T08:31:05.582Z warn: Redis not connected
2020-06-16T08:31:05.983Z warn: Redis not connected
2020-06-16T08:31:06.438Z warn: Redis not connected
2020-06-16T08:31:06.942Z warn: Redis not connected
2020-06-16T08:31:07.493Z warn: Redis not connected
2020-06-16T08:35:21.812Z warn: Server started, listening on port 8000 for incoming requests.
2020-06-16T08:35:21.820Z warn: Redis not connected
2020-06-16T08:35:21.875Z warn: Redis not connected
2020-06-16T08:35:21.977Z warn: Redis not connected
2020-06-16T08:35:22.130Z warn: Redis not connected
2020-06-16T08:35:22.332Z warn: Redis not connected
2020-06-16T08:35:22.588Z warn: Redis not connected
2020-06-16T08:35:22.896Z warn: Redis not connected
2020-06-16T08:35:23.249Z warn: Redis not connected
2020-06-16T08:35:23.652Z warn: Redis not connected
2020-06-16T08:35:24.105Z warn: Redis not connected
2020-06-16T08:35:24.609Z warn: Redis not connected
2020-06-16T08:35:25.163Z warn: Redis not connected
2020-06-16T08:35:25.766Z warn: Redis not connected
2020-06-16T08:35:40.453Z warn: Server started, listening on port 8000 for incoming requests.
2020-06-16T08:35:40.462Z warn: Redis connected
2020-06-16T08:35:40.464Z warn: Redis is ready
2020-06-16T08:36:10.444Z error: connect ECONNREFUSED 127.0.0.1:27017
2020-06-16T08:49:44.864Z warn: Server started, listening on port 8000 for incoming requests.
2020-06-16T08:49:44.872Z warn: Redis connected
2020-06-16T08:49:44.875Z warn: Redis is ready
2020-06-16T09:55:09.762Z warn: Server started, listening on port 8000 for incoming requests.
2020-06-16T09:55:09.771Z warn: Redis not connected Error: connect ECONNREFUSED 127.0.0.1:6379
2020-06-16T09:55:09.828Z warn: Redis not connected Error: connect ECONNREFUSED 127.0.0.1:6379
2020-06-16T09:55:09.931Z warn: Redis not connected Error: connect ECONNREFUSED 127.0.0.1:6379
2020-06-16T09:55:10.086Z warn: Redis not connected Error: connect ECONNREFUSED 127.0.0.1:6379
2020-06-16T09:55:10.288Z warn: Redis not connected Error: connect ECONNREFUSED 127.0.0.1:6379
2020-06-16T09:55:10.541Z warn: Redis not connected Error: connect ECONNREFUSED 127.0.0.1:6379
2020-06-16T09:55:10.847Z warn: Redis not connected Error: connect ECONNREFUSED 127.0.0.1:6379
2020-06-16T09:55:11.202Z warn: Redis not connected Error: connect ECONNREFUSED 127.0.0.1:6379
2020-06-16T09:55:11.607Z warn: Redis not connected Error: connect ECONNREFUSED 127.0.0.1:6379
2020-06-16T09:55:12.060Z warn: Redis not connected Error: connect ECONNREFUSED 127.0.0.1:6379
2020-06-16T09:55:12.566Z warn: Redis not connected Error: connect ECONNREFUSED 127.0.0.1:6379
2020-06-16T09:55:46.194Z warn: Server started, listening on port 8000 for incoming requests.
2020-06-16T09:55:46.205Z warn: Redis connected
2020-06-16T09:55:46.207Z warn: Redis is ready
2020-06-16T09:56:16.181Z error: connect ECONNREFUSED 127.0.0.1:27017
